<?xml version="1.0" encoding="UTF-8"?>
<!-- Generated by org.testng.reporters.JUnitReportReporter -->
<testsuite skipped="0" hostname="LAPTOP-41BCBP61" name="edu.unisab.test_webservices.Test_Rest_Get" tests="1" failures="0" timestamp="2020-10-20T19:08:53 COT" time="2.920" errors="0">
  <testcase name="Rest_Get" time="2.920" classname="edu.unisab.test_webservices.Test_Rest_Get"/>
  <system-out/>
</testsuite> <!-- edu.unisab.test_webservices.Test_Rest_Get -->
