<?xml version="1.0" encoding="UTF-8"?>
<!-- Generated by org.testng.reporters.JUnitReportReporter -->
<testsuite skipped="0" hostname="LAPTOP-41BCBP61" name="edu.unisab.test_webservices.Test_Rest_Post" tests="1" failures="0" timestamp="2020-10-20T19:27:56 COT" time="3.110" errors="0">
  <testcase name="Rest_Post" time="3.110" classname="edu.unisab.test_webservices.Test_Rest_Post"/>
  <system-out/>
</testsuite> <!-- edu.unisab.test_webservices.Test_Rest_Post -->
